choosen !!4,5
[H[2JRound: 1
Place orb on (4, 5)
=========================================
|    | |    | |    | |    | |    | |    | 
|    | |    | |    | |    | |    | |    | 
|    | |    | |    | |    | |    | |    | 
|    | |    | |    | |    | |    | |    | 
|    | |    | |    | |    | |    | |O   | 
=========================================

[H[2JRound: 2
Place orb on (0, 0)
=========================================
|X   | |    | |    | |    | |    | |    | 
|    | |    | |    | |    | |    | |    | 
|    | |    | |    | |    | |    | |    | 
|    | |    | |    | |    | |    | |    | 
|    | |    | |    | |    | |    | |O   | 
=========================================

choosen !!4,5
[H[2JRound: 3
Place orb on (4, 5)
=========================================
|X   | |    | |    | |    | |    | |    | 
|    | |    | |    | |    | |    | |    | 
|    | |    | |    | |    | |    | |    | 
|    | |    | |    | |    | |    | |O   | 
|    | |    | |    | |    | |O   | |    | 
=========================================

[H[2JRound: 4
Place orb on (0, 5)
=========================================
|X   | |    | |    | |    | |    | |X   | 
|    | |    | |    | |    | |    | |    | 
|    | |    | |    | |    | |    | |    | 
|    | |    | |    | |    | |    | |O   | 
|    | |    | |    | |    | |O   | |    | 
=========================================

choosen !!4,5
[H[2JRound: 5
Place orb on (4, 5)
=========================================
|X   | |    | |    | |    | |    | |X   | 
|    | |    | |    | |    | |    | |    | 
|    | |    | |    | |    | |    | |    | 
|    | |    | |    | |    | |    | |O   | 
|    | |    | |    | |    | |O   | |O   | 
=========================================

[H[2JRound: 6
Place orb on (4, 0)
=========================================
|X   | |    | |    | |    | |    | |X   | 
|    | |    | |    | |    | |    | |    | 
|    | |    | |    | |    | |    | |    | 
|    | |    | |    | |    | |    | |O   | 
|X   | |    | |    | |    | |O   | |O   | 
=========================================

choosen !!4,5
[H[2JRound: 7
Place orb on (4, 5)
=========================================
|X   | |    | |    | |    | |    | |X   | 
|    | |    | |    | |    | |    | |    | 
|    | |    | |    | |    | |    | |    | 
|    | |    | |    | |    | |    | |OO  | 
|X   | |    | |    | |    | |OO  | |    | 
=========================================

[H[2JRound: 8
Place orb on (4, 5)
=========================================
|X   | |    | |    | |    | |    | |X   | 
|    | |    | |    | |    | |    | |    | 
|    | |    | |    | |    | |    | |    | 
|    | |    | |    | |    | |    | |OO  | 
|X   | |    | |    | |    | |OO  | |X   | 
=========================================

choosen !!1,4
[H[2JRound: 9
Place orb on (1, 4)
=========================================
|X   | |    | |    | |    | |    | |X   | 
|    | |    | |    | |    | |O   | |    | 
|    | |    | |    | |    | |    | |    | 
|    | |    | |    | |    | |    | |OO  | 
|X   | |    | |    | |    | |OO  | |X   | 
=========================================

[H[2JRound: 10
Place orb on (0, 1)
=========================================
|X   | |X   | |    | |    | |    | |X   | 
|    | |    | |    | |    | |O   | |    | 
|    | |    | |    | |    | |    | |    | 
|    | |    | |    | |    | |    | |OO  | 
|X   | |    | |    | |    | |OO  | |X   | 
=========================================

choosen !!1,4
[H[2JRound: 11
Place orb on (1, 4)
=========================================
|X   | |X   | |    | |    | |    | |X   | 
|    | |    | |    | |    | |OO  | |    | 
|    | |    | |    | |    | |    | |    | 
|    | |    | |    | |    | |    | |OO  | 
|X   | |    | |    | |    | |OO  | |X   | 
=========================================

[H[2JRound: 12
Place orb on (0, 2)
=========================================
|X   | |X   | |X   | |    | |    | |X   | 
|    | |    | |    | |    | |OO  | |    | 
|    | |    | |    | |    | |    | |    | 
|    | |    | |    | |    | |    | |OO  | 
|X   | |    | |    | |    | |OO  | |X   | 
=========================================

choosen !!1,4
[H[2JRound: 13
Place orb on (1, 4)
=========================================
|X   | |X   | |X   | |    | |    | |X   | 
|    | |    | |    | |    | |OOO | |    | 
|    | |    | |    | |    | |    | |    | 
|    | |    | |    | |    | |    | |OO  | 
|X   | |    | |    | |    | |OO  | |X   | 
=========================================

[H[2JRound: 14
Place orb on (0, 3)
=========================================
|X   | |X   | |X   | |X   | |    | |X   | 
|    | |    | |    | |    | |OOO | |    | 
|    | |    | |    | |    | |    | |    | 
|    | |    | |    | |    | |    | |OO  | 
|X   | |    | |    | |    | |OO  | |X   | 
=========================================

choosen !!1,4
[H[2JRound: 15
Place orb on (1, 4)
=========================================
|X   | |X   | |X   | |X   | |O   | |X   | 
|    | |    | |    | |O   | |    | |O   | 
|    | |    | |    | |    | |O   | |    | 
|    | |    | |    | |    | |    | |OO  | 
|X   | |    | |    | |    | |OO  | |X   | 
=========================================

[H[2JRound: 16
Place orb on (0, 5)
=========================================
|X   | |X   | |X   | |X   | |XX  | |    | 
|    | |    | |    | |O   | |    | |XX  | 
|    | |    | |    | |    | |O   | |    | 
|    | |    | |    | |    | |    | |OO  | 
|X   | |    | |    | |    | |OO  | |X   | 
=========================================

choosen !!1,4
[H[2JRound: 17
Place orb on (1, 4)
=========================================
|X   | |X   | |X   | |X   | |XX  | |    | 
|    | |    | |    | |O   | |O   | |XX  | 
|    | |    | |    | |    | |O   | |    | 
|    | |    | |    | |    | |    | |OO  | 
|X   | |    | |    | |    | |OO  | |X   | 
=========================================

[H[2JRound: 18
Place orb on (1, 5)
=========================================
|X   | |X   | |X   | |X   | |XX  | |X   | 
|    | |    | |    | |O   | |XX  | |    | 
|    | |    | |    | |    | |O   | |X   | 
|    | |    | |    | |    | |    | |OO  | 
|X   | |    | |    | |    | |OO  | |X   | 
=========================================

choosen !!2,1
[H[2JRound: 19
Place orb on (2, 1)
=========================================
|X   | |X   | |X   | |X   | |XX  | |X   | 
|    | |    | |    | |O   | |XX  | |    | 
|    | |O   | |    | |    | |O   | |X   | 
|    | |    | |    | |    | |    | |OO  | 
|X   | |    | |    | |    | |OO  | |X   | 
=========================================

[H[2JRound: 20
Place orb on (1, 0)
=========================================
|X   | |X   | |X   | |X   | |XX  | |X   | 
|X   | |    | |    | |O   | |XX  | |    | 
|    | |O   | |    | |    | |O   | |X   | 
|    | |    | |    | |    | |    | |OO  | 
|X   | |    | |    | |    | |OO  | |X   | 
=========================================

choosen !!2,1
[H[2JRound: 21
Place orb on (2, 1)
=========================================
|X   | |X   | |X   | |X   | |XX  | |X   | 
|X   | |    | |    | |O   | |XX  | |    | 
|    | |OO  | |    | |    | |O   | |X   | 
|    | |    | |    | |    | |    | |OO  | 
|X   | |    | |    | |    | |OO  | |X   | 
=========================================

[H[2JRound: 22
Place orb on (1, 5)
=========================================
|X   | |X   | |X   | |X   | |XX  | |X   | 
|X   | |    | |    | |O   | |XX  | |X   | 
|    | |OO  | |    | |    | |O   | |X   | 
|    | |    | |    | |    | |    | |OO  | 
|X   | |    | |    | |    | |OO  | |X   | 
=========================================

choosen !!2,1
[H[2JRound: 23
Place orb on (2, 1)
=========================================
|X   | |X   | |X   | |X   | |XX  | |X   | 
|X   | |    | |    | |O   | |XX  | |X   | 
|    | |OOO | |    | |    | |O   | |X   | 
|    | |    | |    | |    | |    | |OO  | 
|X   | |    | |    | |    | |OO  | |X   | 
=========================================

[H[2JRound: 24
Place orb on (2, 0)
=========================================
|X   | |X   | |X   | |X   | |XX  | |X   | 
|X   | |    | |    | |O   | |XX  | |X   | 
|X   | |OOO | |    | |    | |O   | |X   | 
|    | |    | |    | |    | |    | |OO  | 
|X   | |    | |    | |    | |OO  | |X   | 
=========================================

choosen !!2,1
[H[2JRound: 25
Place orb on (2, 1)
=========================================
|X   | |X   | |X   | |X   | |XX  | |X   | 
|X   | |O   | |    | |O   | |XX  | |X   | 
|OO  | |    | |O   | |    | |O   | |X   | 
|    | |O   | |    | |    | |    | |OO  | 
|X   | |    | |    | |    | |OO  | |X   | 
=========================================

[H[2JRound: 26
Place orb on (1, 0)
=========================================
|X   | |X   | |X   | |X   | |XX  | |X   | 
|XX  | |O   | |    | |O   | |XX  | |X   | 
|OO  | |    | |O   | |    | |O   | |X   | 
|    | |O   | |    | |    | |    | |OO  | 
|X   | |    | |    | |    | |OO  | |X   | 
=========================================

choosen !!2,1
[H[2JRound: 27
Place orb on (2, 1)
=========================================
|X   | |X   | |X   | |X   | |XX  | |X   | 
|XX  | |O   | |    | |O   | |XX  | |X   | 
|OO  | |O   | |O   | |    | |O   | |X   | 
|    | |O   | |    | |    | |    | |OO  | 
|X   | |    | |    | |    | |OO  | |X   | 
=========================================

[H[2JRound: 28
Place orb on (3, 0)
=========================================
|X   | |X   | |X   | |X   | |XX  | |X   | 
|XX  | |O   | |    | |O   | |XX  | |X   | 
|OO  | |O   | |O   | |    | |O   | |X   | 
|X   | |O   | |    | |    | |    | |OO  | 
|X   | |    | |    | |    | |OO  | |X   | 
=========================================

choosen !!2,1
[H[2JRound: 29
Place orb on (2, 1)
=========================================
|X   | |X   | |X   | |X   | |XX  | |X   | 
|XX  | |O   | |    | |O   | |XX  | |X   | 
|OO  | |OO  | |O   | |    | |O   | |X   | 
|X   | |O   | |    | |    | |    | |OO  | 
|X   | |    | |    | |    | |OO  | |X   | 
=========================================

[H[2JRound: 30
Place orb on (4, 1)
=========================================
|X   | |X   | |X   | |X   | |XX  | |X   | 
|XX  | |O   | |    | |O   | |XX  | |X   | 
|OO  | |OO  | |O   | |    | |O   | |X   | 
|X   | |O   | |    | |    | |    | |OO  | 
|X   | |X   | |    | |    | |OO  | |X   | 
=========================================

choosen !!2,1
[H[2JRound: 31
Place orb on (2, 1)
=========================================
|X   | |X   | |X   | |X   | |XX  | |X   | 
|XX  | |O   | |    | |O   | |XX  | |X   | 
|OO  | |OOO | |O   | |    | |O   | |X   | 
|X   | |O   | |    | |    | |    | |OO  | 
|X   | |X   | |    | |    | |OO  | |X   | 
=========================================

[H[2JRound: 32
Place orb on (4, 2)
=========================================
|X   | |X   | |X   | |X   | |XX  | |X   | 
|XX  | |O   | |    | |O   | |XX  | |X   | 
|OO  | |OOO | |O   | |    | |O   | |X   | 
|X   | |O   | |    | |    | |    | |OO  | 
|X   | |X   | |X   | |    | |OO  | |X   | 
=========================================

choosen !!2,1
[H[2JRound: 33
Place orb on (2, 1)
=========================================
|    | |OO  | |X   | |X   | |XX  | |X   | 
|O   | |OOO | |    | |O   | |XX  | |X   | 
|O   | |O   | |OO  | |    | |O   | |X   | 
|OO  | |OO  | |    | |    | |    | |OO  | 
|X   | |X   | |X   | |    | |OO  | |X   | 
=========================================

[H[2JRound: 34
Place orb on (0, 2)
=========================================
|    | |OO  | |XX  | |X   | |XX  | |X   | 
|O   | |OOO | |    | |O   | |XX  | |X   | 
|O   | |O   | |OO  | |    | |O   | |X   | 
|OO  | |OO  | |    | |    | |    | |OO  | 
|X   | |X   | |X   | |    | |OO  | |X   | 
=========================================

choosen !!2,1
[H[2JRound: 35
Place orb on (2, 1)
=========================================
|    | |OO  | |XX  | |X   | |XX  | |X   | 
|O   | |OOO | |    | |O   | |XX  | |X   | 
|O   | |OO  | |OO  | |    | |O   | |X   | 
|OO  | |OO  | |    | |    | |    | |OO  | 
|X   | |X   | |X   | |    | |OO  | |X   | 
=========================================

[H[2JRound: 36
Place orb on (0, 0)
=========================================
|X   | |OO  | |XX  | |X   | |XX  | |X   | 
|O   | |OOO | |    | |O   | |XX  | |X   | 
|O   | |OO  | |OO  | |    | |O   | |X   | 
|OO  | |OO  | |    | |    | |    | |OO  | 
|X   | |X   | |X   | |    | |OO  | |X   | 
=========================================

choosen !!2,1
[H[2JRound: 37
Place orb on (2, 1)
=========================================
|X   | |OO  | |XX  | |X   | |XX  | |X   | 
|O   | |OOO | |    | |O   | |XX  | |X   | 
|O   | |OOO | |OO  | |    | |O   | |X   | 
|OO  | |OO  | |    | |    | |    | |OO  | 
|X   | |X   | |X   | |    | |OO  | |X   | 
=========================================

[H[2JRound: 38
Place orb on (4, 3)
=========================================
|X   | |OO  | |XX  | |X   | |XX  | |X   | 
|O   | |OOO | |    | |O   | |XX  | |X   | 
|O   | |OOO | |OO  | |    | |O   | |X   | 
|OO  | |OO  | |    | |    | |    | |OO  | 
|X   | |X   | |X   | |X   | |OO  | |X   | 
=========================================

choosen !!2,1
[H[2JRound: 39
Place orb on (2, 1)
=========================================
|O   | |OO  | |    | |OO  | |XX  | |X   | 
|O   | |OO  | |OO  | |O   | |XX  | |X   | 
|O   | |OOO | |OOO | |    | |O   | |X   | 
|OO  | |O   | |O   | |    | |    | |OO  | 
|O   | |    | |OO  | |X   | |OO  | |X   | 
=========================================

[H[2JRound: 40
Place orb on (0, 4)
=========================================
|O   | |OO  | |X   | |    | |XX  | |    | 
|O   | |OO  | |OO  | |XX  | |XXX | |XX  | 
|O   | |OOO | |OOO | |    | |O   | |X   | 
|OO  | |O   | |O   | |    | |    | |OO  | 
|O   | |    | |OO  | |X   | |OO  | |X   | 
=========================================

choosen !!2,1
[H[2JRound: 41
Place orb on (2, 1)
=========================================
|O   | |OO  | |X   | |    | |XX  | |    | 
|O   | |OOO | |OOO | |XX  | |XXX | |XX  | 
|OO  | |O   | |    | |O   | |O   | |X   | 
|OO  | |OO  | |OO  | |    | |    | |OO  | 
|O   | |    | |OO  | |X   | |OO  | |X   | 
=========================================

[H[2JRound: 42
Place orb on (1, 3)
=========================================
|O   | |OO  | |X   | |    | |XX  | |    | 
|O   | |OOO | |OOO | |XXX | |XXX | |XX  | 
|OO  | |O   | |    | |O   | |O   | |X   | 
|OO  | |OO  | |OO  | |    | |    | |OO  | 
|O   | |    | |OO  | |X   | |OO  | |X   | 
=========================================

choosen !!2,1
[H[2JRound: 43
Place orb on (2, 1)
=========================================
|O   | |OO  | |X   | |    | |XX  | |    | 
|O   | |OOO | |OOO | |XXX | |XXX | |XX  | 
|OO  | |OO  | |    | |O   | |O   | |X   | 
|OO  | |OO  | |OO  | |    | |    | |OO  | 
|O   | |    | |OO  | |X   | |OO  | |X   | 
=========================================

[H[2JRound: 44
Place orb on (0, 5)
=========================================
|O   | |OO  | |X   | |    | |XX  | |X   | 
|O   | |OOO | |OOO | |XXX | |XXX | |XX  | 
|OO  | |OO  | |    | |O   | |O   | |X   | 
|OO  | |OO  | |OO  | |    | |    | |OO  | 
|O   | |    | |OO  | |X   | |OO  | |X   | 
=========================================

choosen !!2,1
[H[2JRound: 45
Place orb on (2, 1)
=========================================
|O   | |OO  | |X   | |    | |XX  | |X   | 
|O   | |OOO | |OOO | |XXX | |XXX | |XX  | 
|OO  | |OOO | |    | |O   | |O   | |X   | 
|OO  | |OO  | |OO  | |    | |    | |OO  | 
|O   | |    | |OO  | |X   | |OO  | |X   | 
=========================================

[H[2JRound: 46
Place orb on (0, 3)
=========================================
|O   | |OO  | |X   | |X   | |XX  | |X   | 
|O   | |OOO | |OOO | |XXX | |XXX | |XX  | 
|OO  | |OOO | |    | |O   | |O   | |X   | 
|OO  | |OO  | |OO  | |    | |    | |OO  | 
|O   | |    | |OO  | |X   | |OO  | |X   | 
=========================================

choosen !!2,1
[H[2JRound: 47
Place orb on (2, 1)
=========================================
|    | |OO  | |O   | |O   | |O   | |    | 
|O   | |OOO | |OO  | |OO  | |OO  | |O   | 
|OO  | |OOO | |OO  | |OO  | |OO  | |OO  | 
|OO  | |    | |OOO | |    | |    | |OO  | 
|    | |OO  | |OO  | |X   | |OO  | |X   | 
=========================================

[H[2JRound: 48
Place orb on (0, 0)
=========================================
|X   | |OO  | |O   | |O   | |O   | |    | 
|O   | |OOO | |OO  | |OO  | |OO  | |O   | 
|OO  | |OOO | |OO  | |OO  | |OO  | |OO  | 
|OO  | |    | |OOO | |    | |    | |OO  | 
|    | |OO  | |OO  | |X   | |OO  | |X   | 
=========================================

choosen !!1,4
[H[2JRound: 49
Place orb on (1, 4)
=========================================
|X   | |OO  | |O   | |O   | |O   | |    | 
|O   | |OOO | |OO  | |OO  | |OOO | |O   | 
|OO  | |OOO | |OO  | |OO  | |OO  | |OO  | 
|OO  | |    | |OOO | |    | |    | |OO  | 
|    | |OO  | |OO  | |X   | |OO  | |X   | 
=========================================

[H[2JRound: 50
Place orb on (0, 5)
=========================================
|X   | |OO  | |O   | |O   | |O   | |X   | 
|O   | |OOO | |OO  | |OO  | |OOO | |O   | 
|OO  | |OOO | |OO  | |OO  | |OO  | |OO  | 
|OO  | |    | |OOO | |    | |    | |OO  | 
|    | |OO  | |OO  | |X   | |OO  | |X   | 
=========================================

choosen !!1,4
[H[2JRound: 51
Place orb on (1, 4)
=========================================
|X   | |OO  | |O   | |O   | |OO  | |X   | 
|O   | |OOO | |OO  | |OOO | |    | |OO  | 
|OO  | |OOO | |OO  | |OO  | |OOO | |OO  | 
|OO  | |    | |OOO | |    | |    | |OO  | 
|    | |OO  | |OO  | |X   | |OO  | |X   | 
=========================================

[H[2JRound: 52
Place orb on (0, 5)
=========================================
|X   | |OO  | |O   | |XX  | |X   | |    | 
|O   | |OOO | |OO  | |OOO | |XXX | |XX  | 
|OO  | |OOO | |OO  | |XXX | |    | |XX  | 
|OO  | |    | |OOO | |    | |XXX | |X   | 
|    | |OO  | |OO  | |XX  | |    | |X   | 
=========================================

choosen !!2,1
[H[2JRound: 53
Place orb on (2, 1)
=========================================
|    | |O   | |OO  | |XX  | |X   | |    | 
|O   | |OO  | |OOO | |OOO | |XXX | |XX  | 
|OO  | |OO  | |OOO | |XXX | |    | |XX  | 
|    | |OO  | |OOO | |    | |XXX | |X   | 
|O   | |OO  | |OO  | |XX  | |    | |X   | 
=========================================

[H[2JRound: 54
Place orb on (0, 3)
=========================================
|    | |XXX | |XX  | |X   | |XX  | |    | 
|XXX | |    | |XXX | |    | |XXX | |XX  | 
|    | |XX  | |XX  | |XX  | |XXX | |    | 
|XXX | |X   | |XX  | |XXX | |XXX | |XX  | 
|    | |XX  | |XX  | |    | |X   | |X   | 
=========================================

Blue Player won the game !!!
choosen !!0,3
[H[2JRound: 1
Place orb on (0, 3)
=========================================
|    | |    | |    | |O   | |    | |    | 
|    | |    | |    | |    | |    | |    | 
|    | |    | |    | |    | |    | |    | 
|    | |    | |    | |    | |    | |    | 
|    | |    | |    | |    | |    | |    | 
=========================================

[H[2JRound: 2
Place orb on (0, 0)
=========================================
|X   | |    | |    | |O   | |    | |    | 
|    | |    | |    | |    | |    | |    | 
|    | |    | |    | |    | |    | |    | 
|    | |    | |    | |    | |    | |    | 
|    | |    | |    | |    | |    | |    | 
=========================================

choosen !!0,3
[H[2JRound: 3
Place orb on (0, 3)
=========================================
|X   | |    | |    | |OO  | |    | |    | 
|    | |    | |    | |    | |    | |    | 
|    | |    | |    | |    | |    | |    | 
|    | |    | |    | |    | |    | |    | 
|    | |    | |    | |    | |    | |    | 
=========================================

[H[2JRound: 4
Place orb on (0, 5)
=========================================
|X   | |    | |    | |OO  | |    | |X   | 
|    | |    | |    | |    | |    | |    | 
|    | |    | |    | |    | |    | |    | 
|    | |    | |    | |    | |    | |    | 
|    | |    | |    | |    | |    | |    | 
=========================================

choosen !!0,3
[H[2JRound: 5
Place orb on (0, 3)
=========================================
|X   | |    | |O   | |    | |O   | |X   | 
|    | |    | |    | |O   | |    | |    | 
|    | |    | |    | |    | |    | |    | 
|    | |    | |    | |    | |    | |    | 
|    | |    | |    | |    | |    | |    | 
=========================================

[H[2JRound: 6
Place orb on (0, 5)
=========================================
|X   | |    | |O   | |    | |XX  | |    | 
|    | |    | |    | |O   | |    | |X   | 
|    | |    | |    | |    | |    | |    | 
|    | |    | |    | |    | |    | |    | 
|    | |    | |    | |    | |    | |    | 
=========================================

choosen !!0,3
[H[2JRound: 7
Place orb on (0, 3)
=========================================
|X   | |    | |O   | |O   | |XX  | |    | 
|    | |    | |    | |O   | |    | |X   | 
|    | |    | |    | |    | |    | |    | 
|    | |    | |    | |    | |    | |    | 
|    | |    | |    | |    | |    | |    | 
=========================================

[H[2JRound: 8
Place orb on (0, 4)
=========================================
|X   | |    | |O   | |XX  | |    | |X   | 
|    | |    | |    | |O   | |X   | |X   | 
|    | |    | |    | |    | |    | |    | 
|    | |    | |    | |    | |    | |    | 
|    | |    | |    | |    | |    | |    | 
=========================================

choosen !!3,3
[H[2JRound: 9
Place orb on (3, 3)
=========================================
|X   | |    | |O   | |XX  | |    | |X   | 
|    | |    | |    | |O   | |X   | |X   | 
|    | |    | |    | |    | |    | |    | 
|    | |    | |    | |O   | |    | |    | 
|    | |    | |    | |    | |    | |    | 
=========================================

[H[2JRound: 10
Place orb on (4, 0)
=========================================
|X   | |    | |O   | |XX  | |    | |X   | 
|    | |    | |    | |O   | |X   | |X   | 
|    | |    | |    | |    | |    | |    | 
|    | |    | |    | |O   | |    | |    | 
|X   | |    | |    | |    | |    | |    | 
=========================================

choosen !!3,3
[H[2JRound: 11
Place orb on (3, 3)
=========================================
|X   | |    | |O   | |XX  | |    | |X   | 
|    | |    | |    | |O   | |X   | |X   | 
|    | |    | |    | |    | |    | |    | 
|    | |    | |    | |OO  | |    | |    | 
|X   | |    | |    | |    | |    | |    | 
=========================================

[H[2JRound: 12
Place orb on (4, 5)
=========================================
|X   | |    | |O   | |XX  | |    | |X   | 
|    | |    | |    | |O   | |X   | |X   | 
|    | |    | |    | |    | |    | |    | 
|    | |    | |    | |OO  | |    | |    | 
|X   | |    | |    | |    | |    | |X   | 
=========================================

choosen !!3,3
[H[2JRound: 13
Place orb on (3, 3)
=========================================
|X   | |    | |O   | |XX  | |    | |X   | 
|    | |    | |    | |O   | |X   | |X   | 
|    | |    | |    | |    | |    | |    | 
|    | |    | |    | |OOO | |    | |    | 
|X   | |    | |    | |    | |    | |X   | 
=========================================

[H[2JRound: 14
Place orb on (0, 1)
=========================================
|X   | |X   | |O   | |XX  | |    | |X   | 
|    | |    | |    | |O   | |X   | |X   | 
|    | |    | |    | |    | |    | |    | 
|    | |    | |    | |OOO | |    | |    | 
|X   | |    | |    | |    | |    | |X   | 
=========================================

choosen !!3,3
[H[2JRound: 15
Place orb on (3, 3)
=========================================
|X   | |X   | |O   | |XX  | |    | |X   | 
|    | |    | |    | |O   | |X   | |X   | 
|    | |    | |    | |O   | |    | |    | 
|    | |    | |O   | |    | |O   | |    | 
|X   | |    | |    | |O   | |    | |X   | 
=========================================

[H[2JRound: 16
Place orb on (0, 4)
=========================================
|X   | |X   | |O   | |XX  | |X   | |X   | 
|    | |    | |    | |O   | |X   | |X   | 
|    | |    | |    | |O   | |    | |    | 
|    | |    | |O   | |    | |O   | |    | 
|X   | |    | |    | |O   | |    | |X   | 
=========================================

choosen !!3,3
[H[2JRound: 17
Place orb on (3, 3)
=========================================
|X   | |X   | |O   | |XX  | |X   | |X   | 
|    | |    | |    | |O   | |X   | |X   | 
|    | |    | |    | |O   | |    | |    | 
|    | |    | |O   | |O   | |O   | |    | 
|X   | |    | |    | |O   | |    | |X   | 
=========================================

[H[2JRound: 18
Place orb on (1, 0)
=========================================
|X   | |X   | |O   | |XX  | |X   | |X   | 
|X   | |    | |    | |O   | |X   | |X   | 
|    | |    | |    | |O   | |    | |    | 
|    | |    | |O   | |O   | |O   | |    | 
|X   | |    | |    | |O   | |    | |X   | 
=========================================

choosen !!3,3
[H[2JRound: 19
Place orb on (3, 3)
=========================================
|X   | |X   | |O   | |XX  | |X   | |X   | 
|X   | |    | |    | |O   | |X   | |X   | 
|    | |    | |    | |O   | |    | |    | 
|    | |    | |O   | |OO  | |O   | |    | 
|X   | |    | |    | |O   | |    | |X   | 
=========================================

[H[2JRound: 20
Place orb on (2, 0)
=========================================
|X   | |X   | |O   | |XX  | |X   | |X   | 
|X   | |    | |    | |O   | |X   | |X   | 
|X   | |    | |    | |O   | |    | |    | 
|    | |    | |O   | |OO  | |O   | |    | 
|X   | |    | |    | |O   | |    | |X   | 
=========================================

choosen !!3,3
[H[2JRound: 21
Place orb on (3, 3)
=========================================
|X   | |X   | |O   | |XX  | |X   | |X   | 
|X   | |    | |    | |O   | |X   | |X   | 
|X   | |    | |    | |O   | |    | |    | 
|    | |    | |O   | |OOO | |O   | |    | 
|X   | |    | |    | |O   | |    | |X   | 
=========================================

[H[2JRound: 22
Place orb on (2, 5)
=========================================
|X   | |X   | |O   | |XX  | |X   | |X   | 
|X   | |    | |    | |O   | |X   | |X   | 
|X   | |    | |    | |O   | |    | |X   | 
|    | |    | |O   | |OOO | |O   | |    | 
|X   | |    | |    | |O   | |    | |X   | 
=========================================

choosen !!3,3
[H[2JRound: 23
Place orb on (3, 3)
=========================================
|X   | |X   | |O   | |XX  | |X   | |X   | 
|X   | |    | |    | |O   | |X   | |X   | 
|X   | |    | |    | |OO  | |    | |X   | 
|    | |    | |OO  | |    | |OO  | |    | 
|X   | |    | |    | |OO  | |    | |X   | 
=========================================

[H[2JRound: 24
Place orb on (3, 0)
=========================================
|X   | |X   | |O   | |XX  | |X   | |X   | 
|X   | |    | |    | |O   | |X   | |X   | 
|X   | |    | |    | |OO  | |    | |X   | 
|X   | |    | |OO  | |    | |OO  | |    | 
|X   | |    | |    | |OO  | |    | |X   | 
=========================================

choosen !!3,3
[H[2JRound: 25
Place orb on (3, 3)
=========================================
|X   | |X   | |O   | |XX  | |X   | |X   | 
|X   | |    | |    | |O   | |X   | |X   | 
|X   | |    | |    | |OO  | |    | |X   | 
|X   | |    | |OO  | |O   | |OO  | |    | 
|X   | |    | |    | |OO  | |    | |X   | 
=========================================

[H[2JRound: 26
Place orb on (3, 5)
=========================================
|X   | |X   | |O   | |XX  | |X   | |X   | 
|X   | |    | |    | |O   | |X   | |X   | 
|X   | |    | |    | |OO  | |    | |X   | 
|X   | |    | |OO  | |O   | |OO  | |X   | 
|X   | |    | |    | |OO  | |    | |X   | 
=========================================

choosen !!3,3
[H[2JRound: 27
Place orb on (3, 3)
=========================================
|X   | |X   | |O   | |XX  | |X   | |X   | 
|X   | |    | |    | |O   | |X   | |X   | 
|X   | |    | |    | |OO  | |    | |X   | 
|X   | |    | |OO  | |OO  | |OO  | |X   | 
|X   | |    | |    | |OO  | |    | |X   | 
=========================================

[H[2JRound: 28
Place orb on (4, 1)
=========================================
|X   | |X   | |O   | |XX  | |X   | |X   | 
|X   | |    | |    | |O   | |X   | |X   | 
|X   | |    | |    | |OO  | |    | |X   | 
|X   | |    | |OO  | |OO  | |OO  | |X   | 
|X   | |X   | |    | |OO  | |    | |X   | 
=========================================

choosen !!3,3
[H[2JRound: 29
Place orb on (3, 3)
=========================================
|X   | |X   | |O   | |XX  | |X   | |X   | 
|X   | |    | |    | |O   | |X   | |X   | 
|X   | |    | |    | |OO  | |    | |X   | 
|X   | |    | |OO  | |OOO | |OO  | |X   | 
|X   | |X   | |    | |OO  | |    | |X   | 
=========================================

[H[2JRound: 30
Place orb on (4, 2)
=========================================
|X   | |X   | |O   | |XX  | |X   | |X   | 
|X   | |    | |    | |O   | |X   | |X   | 
|X   | |    | |    | |OO  | |    | |X   | 
|X   | |    | |OO  | |OOO | |OO  | |X   | 
|X   | |X   | |X   | |OO  | |    | |X   | 
=========================================

choosen !!3,3
[H[2JRound: 31
Place orb on (3, 3)
=========================================
|X   | |X   | |O   | |XX  | |X   | |X   | 
|X   | |    | |    | |O   | |X   | |X   | 
|X   | |    | |    | |OOO | |    | |X   | 
|X   | |    | |OOO | |O   | |OOO | |X   | 
|X   | |X   | |OO  | |    | |O   | |X   | 
=========================================

[H[2JRound: 32
Place orb on (3, 5)
=========================================
|X   | |X   | |O   | |XX  | |X   | |X   | 
|X   | |    | |    | |O   | |X   | |X   | 
|X   | |    | |    | |OOO | |    | |X   | 
|X   | |    | |OOO | |O   | |OOO | |XX  | 
|X   | |X   | |OO  | |    | |O   | |X   | 
=========================================

choosen !!3,3
[H[2JRound: 33
Place orb on (3, 3)
=========================================
|X   | |X   | |O   | |XX  | |X   | |X   | 
|X   | |    | |    | |O   | |X   | |X   | 
|X   | |    | |    | |OOO | |    | |X   | 
|X   | |    | |OOO | |OO  | |OOO | |XX  | 
|X   | |X   | |OO  | |    | |O   | |X   | 
=========================================

[H[2JRound: 34
Place orb on (4, 3)
=========================================
|X   | |X   | |O   | |XX  | |X   | |X   | 
|X   | |    | |    | |O   | |X   | |X   | 
|X   | |    | |    | |OOO | |    | |X   | 
|X   | |    | |OOO | |OO  | |OOO | |XX  | 
|X   | |X   | |OO  | |X   | |O   | |X   | 
=========================================

choosen !!3,3
[H[2JRound: 35
Place orb on (3, 3)
=========================================
|X   | |X   | |O   | |XX  | |X   | |X   | 
|X   | |    | |    | |O   | |X   | |X   | 
|X   | |    | |    | |OOO | |    | |X   | 
|X   | |    | |OOO | |OOO | |OOO | |XX  | 
|X   | |X   | |OO  | |X   | |O   | |X   | 
=========================================

[H[2JRound: 36
Place orb on (4, 3)
=========================================
|X   | |X   | |O   | |XX  | |X   | |X   | 
|X   | |    | |    | |O   | |X   | |X   | 
|X   | |    | |    | |OOO | |    | |X   | 
|X   | |    | |OOO | |OOO | |OOO | |XX  | 
|X   | |X   | |OO  | |XX  | |O   | |X   | 
=========================================

choosen !!3,3
[H[2JRound: 37
Place orb on (3, 3)
=========================================
|X   | |X   | |O   | |XX  | |X   | |X   | 
|X   | |    | |    | |OO  | |X   | |X   | 
|X   | |    | |OO  | |O   | |OO  | |OO  | 
|X   | |O   | |OO  | |O   | |OOO | |O   | 
|X   | |OO  | |O   | |    | |OO  | |    | 
=========================================

[H[2JRound: 38
Place orb on (1, 4)
=========================================
|X   | |X   | |O   | |XX  | |X   | |X   | 
|X   | |    | |    | |OO  | |XX  | |X   | 
|X   | |    | |OO  | |O   | |OO  | |OO  | 
|X   | |O   | |OO  | |O   | |OOO | |O   | 
|X   | |OO  | |O   | |    | |OO  | |    | 
=========================================

choosen !!3,3
[H[2JRound: 39
Place orb on (3, 3)
=========================================
|X   | |X   | |O   | |XX  | |X   | |X   | 
|X   | |    | |    | |OO  | |XX  | |X   | 
|X   | |    | |OO  | |O   | |OO  | |OO  | 
|X   | |O   | |OO  | |OO  | |OOO | |O   | 
|X   | |OO  | |O   | |    | |OO  | |    | 
=========================================

[H[2JRound: 40
Place orb on (4, 5)
=========================================
|X   | |X   | |O   | |XX  | |X   | |X   | 
|X   | |    | |    | |OO  | |XX  | |X   | 
|X   | |    | |OO  | |O   | |OO  | |OO  | 
|X   | |O   | |OO  | |OO  | |OOO | |O   | 
|X   | |OO  | |O   | |    | |OO  | |X   | 
=========================================

choosen !!3,3
[H[2JRound: 41
Place orb on (3, 3)
=========================================
|X   | |X   | |O   | |XX  | |X   | |X   | 
|X   | |    | |    | |OO  | |XX  | |X   | 
|X   | |    | |OO  | |O   | |OO  | |OO  | 
|X   | |O   | |OO  | |OOO | |OOO | |O   | 
|X   | |OO  | |O   | |    | |OO  | |X   | 
=========================================

[H[2JRound: 42
Place orb on (4, 3)
=========================================
|X   | |X   | |O   | |XX  | |X   | |X   | 
|X   | |    | |    | |OO  | |XX  | |X   | 
|X   | |    | |OO  | |O   | |OO  | |OO  | 
|X   | |O   | |OO  | |OOO | |OOO | |O   | 
|X   | |OO  | |O   | |X   | |OO  | |X   | 
=========================================

choosen !!3,3
[H[2JRound: 43
Place orb on (3, 3)
=========================================
|X   | |X   | |O   | |XX  | |X   | |X   | 
|X   | |    | |    | |OO  | |OOO | |OO  | 
|X   | |    | |OO  | |OOO | |    | |O   | 
|X   | |O   | |OOO | |OO  | |OOO | |O   | 
|X   | |OO  | |OO  | |    | |OO  | |O   | 
=========================================

[H[2JRound: 44
Place orb on (4, 3)
=========================================
|X   | |X   | |O   | |XX  | |X   | |X   | 
|X   | |    | |    | |OO  | |OOO | |OO  | 
|X   | |    | |OO  | |OOO | |    | |O   | 
|X   | |O   | |OOO | |OO  | |OOO | |O   | 
|X   | |OO  | |OO  | |X   | |OO  | |O   | 
=========================================

choosen !!3,3
[H[2JRound: 45
Place orb on (3, 3)
=========================================
|X   | |X   | |O   | |XX  | |X   | |X   | 
|X   | |    | |    | |OO  | |OOO | |OO  | 
|X   | |    | |OO  | |OOO | |    | |O   | 
|X   | |O   | |OOO | |OOO | |OOO | |O   | 
|X   | |OO  | |OO  | |X   | |OO  | |O   | 
=========================================

[H[2JRound: 46
Place orb on (4, 3)
=========================================
|X   | |X   | |O   | |XX  | |X   | |X   | 
|X   | |    | |    | |OO  | |OOO | |OO  | 
|X   | |    | |OO  | |OOO | |    | |O   | 
|X   | |O   | |OOO | |OOO | |OOO | |O   | 
|X   | |OO  | |OO  | |XX  | |OO  | |O   | 
=========================================

choosen !!3,3
[H[2JRound: 47
Place orb on (3, 3)
=========================================
|X   | |X   | |O   | |XX  | |X   | |X   | 
|X   | |    | |O   | |OOO | |OOO | |OO  | 
|X   | |O   | |    | |OO  | |OO  | |OO  | 
|OO  | |OOO | |OOO | |O   | |OOO | |    | 
|    | |O   | |OO  | |    | |OO  | |O   | 
=========================================

[H[2JRound: 48
Place orb on (2, 0)
=========================================
|X   | |X   | |O   | |XX  | |X   | |X   | 
|X   | |    | |O   | |OOO | |OOO | |OO  | 
|XX  | |O   | |    | |OO  | |OO  | |OO  | 
|OO  | |OOO | |OOO | |O   | |OOO | |    | 
|    | |O   | |OO  | |    | |OO  | |O   | 
=========================================

choosen !!3,3
[H[2JRound: 49
Place orb on (3, 3)
=========================================
|X   | |X   | |O   | |XX  | |X   | |X   | 
|X   | |    | |O   | |OOO | |OOO | |OO  | 
|XX  | |O   | |    | |OO  | |OO  | |OO  | 
|OO  | |OOO | |OOO | |OO  | |OOO | |    | 
|    | |O   | |OO  | |    | |OO  | |O   | 
=========================================

[H[2JRound: 50
Place orb on (4, 0)
=========================================
|X   | |X   | |O   | |XX  | |X   | |X   | 
|X   | |    | |O   | |OOO | |OOO | |OO  | 
|XX  | |O   | |    | |OO  | |OO  | |OO  | 
|OO  | |OOO | |OOO | |OO  | |OOO | |    | 
|X   | |O   | |OO  | |    | |OO  | |O   | 
=========================================

choosen !!3,3
[H[2JRound: 51
Place orb on (3, 3)
=========================================
|X   | |X   | |O   | |XX  | |X   | |X   | 
|X   | |    | |O   | |OOO | |OOO | |OO  | 
|XX  | |O   | |    | |OO  | |OO  | |OO  | 
|OO  | |OOO | |OOO | |OOO | |OOO | |    | 
|X   | |O   | |OO  | |    | |OO  | |O   | 
=========================================

[H[2JRound: 52
Place orb on (3, 5)
=========================================
|X   | |X   | |O   | |XX  | |X   | |X   | 
|X   | |    | |O   | |OOO | |OOO | |OO  | 
|XX  | |O   | |    | |OO  | |OO  | |OO  | 
|OO  | |OOO | |OOO | |OOO | |OOO | |X   | 
|X   | |O   | |OO  | |    | |OO  | |O   | 
=========================================

choosen !!3,3
[H[2JRound: 53
Place orb on (3, 3)
=========================================
|X   | |X   | |OO  | |O   | |    | |O   | 
|OO  | |    | |OO  | |OO  | |O   | |OO  | 
|    | |OOO | |OO  | |OOO | |O   | |OO  | 
|OO  | |OO  | |OOO | |O   | |OOO | |O   | 
|    | |O   | |OO  | |OO  | |O   | |O   | 
=========================================

[H[2JRound: 54
Place orb on (0, 1)
=========================================
|X   | |XX  | |OO  | |O   | |    | |O   | 
|OO  | |    | |OO  | |OO  | |O   | |OO  | 
|    | |OOO | |OO  | |OOO | |O   | |OO  | 
|OO  | |OO  | |OOO | |O   | |OOO | |O   | 
|    | |O   | |OO  | |OO  | |O   | |O   | 
=========================================

choosen !!0,3
[H[2JRound: 55
Place orb on (0, 3)
=========================================
|X   | |XX  | |OO  | |OO  | |    | |O   | 
|OO  | |    | |OO  | |OO  | |O   | |OO  | 
|    | |OOO | |OO  | |OOO | |O   | |OO  | 
|OO  | |OO  | |OOO | |O   | |OOO | |O   | 
|    | |O   | |OO  | |OO  | |O   | |O   | 
=========================================

[H[2JRound: 56
Place orb on (4, 0)
=========================================
|X   | |XX  | |OO  | |OO  | |    | |O   | 
|OO  | |    | |OO  | |OO  | |O   | |OO  | 
|    | |OOO | |OO  | |OOO | |O   | |OO  | 
|OO  | |OO  | |OOO | |O   | |OOO | |O   | 
|X   | |O   | |OO  | |OO  | |O   | |O   | 
=========================================

choosen !!0,3
[H[2JRound: 57
Place orb on (0, 3)
=========================================
|O   | |O   | |O   | |O   | |O   | |O   | 
|    | |OO  | |OOO | |OOO | |O   | |OO  | 
|O   | |OOO | |OO  | |OOO | |O   | |OO  | 
|OO  | |OO  | |OOO | |O   | |OOO | |O   | 
|X   | |O   | |OO  | |OO  | |O   | |O   | 
=========================================

[H[2JRound: 58
Place orb on (1, 0)
=========================================
|O   | |O   | |O   | |O   | |O   | |O   | 
|X   | |OO  | |OOO | |OOO | |O   | |OO  | 
|O   | |OOO | |OO  | |OOO | |O   | |OO  | 
|OO  | |OO  | |OOO | |O   | |OOO | |O   | 
|X   | |O   | |OO  | |OO  | |O   | |O   | 
=========================================

choosen !!0,3
[H[2JRound: 59
Place orb on (0, 3)
=========================================
|O   | |O   | |O   | |OO  | |O   | |O   | 
|X   | |OO  | |OOO | |OOO | |O   | |OO  | 
|O   | |OOO | |OO  | |OOO | |O   | |OO  | 
|OO  | |OO  | |OOO | |O   | |OOO | |O   | 
|X   | |O   | |OO  | |OO  | |O   | |O   | 
=========================================

[H[2JRound: 60
Place orb on (4, 0)
=========================================
|O   | |O   | |O   | |OO  | |O   | |O   | 
|X   | |OO  | |OOO | |OOO | |O   | |OO  | 
|XX  | |OOO | |OO  | |OOO | |O   | |OO  | 
|    | |XXX | |OOO | |O   | |OOO | |O   | 
|X   | |XX  | |OO  | |OO  | |O   | |O   | 
=========================================

choosen !!0,3
[H[2JRound: 61
Place orb on (0, 3)
=========================================
|OOO | |    | |O   | |OO  | |OO  | |O   | 
|    | |OO  | |OOO | |OO  | |OO  | |OO  | 
|O   | |OOO | |OO  | |O   | |OO  | |OO  | 
|OO  | |O   | |OO  | |OOOO| |OOO | |O   | 
|OO  | |    | |OO  | |    | |OO  | |O   | 
=========================================

Red Player won the game !!!
